<?xml version="1.0" encoding="UTF-8"?>
<coverage generated="1687182240107" clover="3.2.0">
  <project timestamp="1687182240107" name="All files">
    <metrics statements="40" coveredstatements="33" conditionals="6" coveredconditionals="5" methods="14" coveredmethods="11" elements="60" coveredelements="49" complexity="0" loc="40" ncloc="40" packages="1" files="6" classes="6"/>
    <file name="async.js" path="C:\Users\Yulianto\Music\PZN\NodeJS\Unit Test 2\src\async.js">
      <metrics statements="9" coveredstatements="8" conditionals="2" coveredconditionals="1" methods="4" coveredmethods="4"/>
      <line num="1" count="3" type="stmt"/>
      <line num="2" count="5" type="stmt"/>
      <line num="3" count="5" type="stmt"/>
      <line num="4" count="5" type="cond" truecount="1" falsecount="1"/>
      <line num="5" count="5" type="stmt"/>
      <line num="7" count="0" type="stmt"/>
      <line num="13" count="3" type="stmt"/>
      <line num="14" count="3" type="stmt"/>
      <line num="15" count="3" type="stmt"/>
    </file>
    <file name="database.js" path="C:\Users\Yulianto\Music\PZN\NodeJS\Unit Test 2\src\database.js">
      <metrics statements="4" coveredstatements="2" conditionals="0" coveredconditionals="0" methods="2" coveredmethods="0"/>
      <line num="1" count="1" type="stmt"/>
      <line num="3" count="0" type="stmt"/>
      <line num="6" count="1" type="stmt"/>
      <line num="8" count="0" type="stmt"/>
    </file>
    <file name="exception.js" path="C:\Users\Yulianto\Music\PZN\NodeJS\Unit Test 2\src\exception.js">
      <metrics statements="4" coveredstatements="4" conditionals="2" coveredconditionals="2" methods="1" coveredmethods="1"/>
      <line num="5" count="1" type="stmt"/>
      <line num="6" count="4" type="cond" truecount="2" falsecount="0"/>
      <line num="7" count="3" type="stmt"/>
      <line num="9" count="1" type="stmt"/>
    </file>
    <file name="product-service.js" path="C:\Users\Yulianto\Music\PZN\NodeJS\Unit Test 2\src\product-service.js">
      <metrics statements="2" coveredstatements="2" conditionals="0" coveredconditionals="0" methods="2" coveredmethods="2"/>
      <line num="5" count="1" type="stmt"/>
      <line num="9" count="1" type="stmt"/>
    </file>
    <file name="sayHello.js" path="C:\Users\Yulianto\Music\PZN\NodeJS\Unit Test 2\src\sayHello.js">
      <metrics statements="4" coveredstatements="4" conditionals="2" coveredconditionals="2" methods="1" coveredmethods="1"/>
      <line num="1" count="1" type="stmt"/>
      <line num="2" count="3" type="cond" truecount="2" falsecount="0"/>
      <line num="3" count="1" type="stmt"/>
      <line num="5" count="2" type="stmt"/>
    </file>
    <file name="sum.js" path="C:\Users\Yulianto\Music\PZN\NodeJS\Unit Test 2\src\sum.js">
      <metrics statements="17" coveredstatements="13" conditionals="0" coveredconditionals="0" methods="4" coveredmethods="3"/>
      <line num="1" count="6" type="stmt"/>
      <line num="2" count="5" type="stmt"/>
      <line num="5" count="6" type="stmt"/>
      <line num="6" count="10" type="stmt"/>
      <line num="7" count="10" type="stmt"/>
      <line num="8" count="37" type="stmt"/>
      <line num="10" count="10" type="stmt"/>
      <line num="13" count="6" type="stmt"/>
      <line num="14" count="3" type="stmt"/>
      <line num="15" count="3" type="stmt"/>
      <line num="16" count="11" type="stmt"/>
      <line num="18" count="3" type="stmt"/>
      <line num="22" count="6" type="stmt"/>
      <line num="23" count="0" type="stmt"/>
      <line num="24" count="0" type="stmt"/>
      <line num="25" count="0" type="stmt"/>
      <line num="27" count="0" type="stmt"/>
    </file>
  </project>
</coverage>
