{"C:\\Users\\Yulianto\\Music\\PZN\\NodeJS\\Unit Test 2\\src\\async.js": {"path":"C:\\Users\\Yulianto\\Music\\PZN\\NodeJS\\Unit Test 2\\src\\async.js","statementMap":{"0":{"start":{"line":1,"column":29},"end":{"line":11,"column":1}},"1":{"start":{"line":2,"column":2},"end":{"line":10,"column":5}},"2":{"start":{"line":3,"column":4},"end":{"line":9,"column":13}},"3":{"start":{"line":4,"column":6},"end":{"line":8,"column":7}},"4":{"start":{"line":5,"column":8},"end":{"line":5,"column":33}},"5":{"start":{"line":7,"column":8},"end":{"line":7,"column":32}},"6":{"start":{"line":13,"column":26},"end":{"line":19,"column":1}},"7":{"start":{"line":14,"column":18},"end":{"line":14,"column":30}},"8":{"start":{"line":15,"column":2},"end":{"line":18,"column":4}}},"fnMap":{"0":{"name":"(anonymous_0)","decl":{"start":{"line":1,"column":29},"end":{"line":1,"column":30}},"loc":{"start":{"line":1,"column":39},"end":{"line":11,"column":1}},"line":1},"1":{"name":"(anonymous_1)","decl":{"start":{"line":2,"column":21},"end":{"line":2,"column":22}},"loc":{"start":{"line":2,"column":42},"end":{"line":10,"column":3}},"line":2},"2":{"name":"(anonymous_2)","decl":{"start":{"line":3,"column":15},"end":{"line":3,"column":16}},"loc":{"start":{"line":3,"column":21},"end":{"line":9,"column":5}},"line":3},"3":{"name":"(anonymous_3)","decl":{"start":{"line":13,"column":26},"end":{"line":13,"column":27}},"loc":{"start":{"line":13,"column":48},"end":{"line":19,"column":1}},"line":13}},"branchMap":{"0":{"loc":{"start":{"line":4,"column":6},"end":{"line":8,"column":7}},"type":"if","locations":[{"start":{"line":4,"column":6},"end":{"line":8,"column":7}},{"start":{"line":6,"column":13},"end":{"line":8,"column":7}}],"line":4}},"s":{"0":3,"1":5,"2":5,"3":5,"4":5,"5":0,"6":3,"7":3,"8":3},"f":{"0":5,"1":5,"2":5,"3":3},"b":{"0":[5,0]},"_coverageSchema":"1a1c01bbd47fc00a2c39e90264f33305004495a9","hash":"d34b22b53f105b84945bab22c8c4d1a0552f28b1"}
,"C:\\Users\\Yulianto\\Music\\PZN\\NodeJS\\Unit Test 2\\src\\database.js": {"path":"C:\\Users\\Yulianto\\Music\\PZN\\NodeJS\\Unit Test 2\\src\\database.js","statementMap":{"0":{"start":{"line":1,"column":30},"end":{"line":4,"column":1}},"1":{"start":{"line":3,"column":4},"end":{"line":3,"column":39}},"2":{"start":{"line":6,"column":30},"end":{"line":9,"column":1}},"3":{"start":{"line":8,"column":4},"end":{"line":8,"column":39}}},"fnMap":{"0":{"name":"(anonymous_0)","decl":{"start":{"line":1,"column":30},"end":{"line":1,"column":31}},"loc":{"start":{"line":1,"column":38},"end":{"line":4,"column":1}},"line":1},"1":{"name":"(anonymous_1)","decl":{"start":{"line":6,"column":30},"end":{"line":6,"column":31}},"loc":{"start":{"line":6,"column":36},"end":{"line":9,"column":1}},"line":6}},"branchMap":{},"s":{"0":1,"1":0,"2":1,"3":0},"f":{"0":0,"1":0},"b":{},"_coverageSchema":"1a1c01bbd47fc00a2c39e90264f33305004495a9","hash":"d2158d24f4331eadb3c76b20a139238d45bf86cb"}
,"C:\\Users\\Yulianto\\Music\\PZN\\NodeJS\\Unit Test 2\\src\\exception.js": {"path":"C:\\Users\\Yulianto\\Music\\PZN\\NodeJS\\Unit Test 2\\src\\exception.js","statementMap":{"0":{"start":{"line":5,"column":22},"end":{"line":11,"column":1}},"1":{"start":{"line":6,"column":4},"end":{"line":10,"column":5}},"2":{"start":{"line":7,"column":8},"end":{"line":7,"column":59}},"3":{"start":{"line":9,"column":8},"end":{"line":9,"column":20}}},"fnMap":{"0":{"name":"(anonymous_0)","decl":{"start":{"line":5,"column":22},"end":{"line":5,"column":23}},"loc":{"start":{"line":5,"column":32},"end":{"line":11,"column":1}},"line":5}},"branchMap":{"0":{"loc":{"start":{"line":6,"column":4},"end":{"line":10,"column":5}},"type":"if","locations":[{"start":{"line":6,"column":4},"end":{"line":10,"column":5}},{"start":{"line":8,"column":11},"end":{"line":10,"column":5}}],"line":6}},"s":{"0":1,"1":4,"2":3,"3":1},"f":{"0":4},"b":{"0":[3,1]},"_coverageSchema":"1a1c01bbd47fc00a2c39e90264f33305004495a9","hash":"7d76bdb81b93fad4d0639e7a631e6a22f7269286"}
,"C:\\Users\\Yulianto\\Music\\PZN\\NodeJS\\Unit Test 2\\src\\product-service.js": {"path":"C:\\Users\\Yulianto\\Music\\PZN\\NodeJS\\Unit Test 2\\src\\product-service.js","statementMap":{"0":{"start":{"line":5,"column":8},"end":{"line":5,"column":34}},"1":{"start":{"line":9,"column":8},"end":{"line":9,"column":32}}},"fnMap":{"0":{"name":"(anonymous_0)","decl":{"start":{"line":4,"column":4},"end":{"line":4,"column":5}},"loc":{"start":{"line":4,"column":24},"end":{"line":6,"column":5}},"line":4},"1":{"name":"(anonymous_1)","decl":{"start":{"line":8,"column":4},"end":{"line":8,"column":5}},"loc":{"start":{"line":8,"column":21},"end":{"line":10,"column":5}},"line":8}},"branchMap":{},"s":{"0":1,"1":1},"f":{"0":1,"1":1},"b":{},"_coverageSchema":"1a1c01bbd47fc00a2c39e90264f33305004495a9","hash":"add2582ca10565cf3b47fe05086237100f472ab3"}
,"C:\\Users\\Yulianto\\Music\\PZN\\NodeJS\\Unit Test 2\\src\\sayHello.js": {"path":"C:\\Users\\Yulianto\\Music\\PZN\\NodeJS\\Unit Test 2\\src\\sayHello.js","statementMap":{"0":{"start":{"line":1,"column":24},"end":{"line":7,"column":1}},"1":{"start":{"line":2,"column":4},"end":{"line":6,"column":5}},"2":{"start":{"line":3,"column":8},"end":{"line":3,"column":31}},"3":{"start":{"line":5,"column":8},"end":{"line":5,"column":44}}},"fnMap":{"0":{"name":"(anonymous_0)","decl":{"start":{"line":1,"column":24},"end":{"line":1,"column":25}},"loc":{"start":{"line":1,"column":35},"end":{"line":7,"column":1}},"line":1}},"branchMap":{"0":{"loc":{"start":{"line":2,"column":4},"end":{"line":6,"column":5}},"type":"if","locations":[{"start":{"line":2,"column":4},"end":{"line":6,"column":5}},{"start":{"line":4,"column":9},"end":{"line":6,"column":5}}],"line":2}},"s":{"0":1,"1":3,"2":1,"3":2},"f":{"0":3},"b":{"0":[1,2]},"_coverageSchema":"1a1c01bbd47fc00a2c39e90264f33305004495a9","hash":"16e18e918f8c4b366e5c3eb52fecce9cdecb24c2"}
,"C:\\Users\\Yulianto\\Music\\PZN\\NodeJS\\Unit Test 2\\src\\sum.js": {"path":"C:\\Users\\Yulianto\\Music\\PZN\\NodeJS\\Unit Test 2\\src\\sum.js","statementMap":{"0":{"start":{"line":1,"column":19},"end":{"line":3,"column":1}},"1":{"start":{"line":2,"column":2},"end":{"line":2,"column":24}},"2":{"start":{"line":5,"column":22},"end":{"line":11,"column":1}},"3":{"start":{"line":6,"column":14},"end":{"line":6,"column":15}},"4":{"start":{"line":7,"column":2},"end":{"line":9,"column":3}},"5":{"start":{"line":8,"column":4},"end":{"line":8,"column":20}},"6":{"start":{"line":10,"column":2},"end":{"line":10,"column":15}},"7":{"start":{"line":13,"column":25},"end":{"line":19,"column":1}},"8":{"start":{"line":14,"column":14},"end":{"line":14,"column":15}},"9":{"start":{"line":15,"column":2},"end":{"line":17,"column":3}},"10":{"start":{"line":16,"column":4},"end":{"line":16,"column":20}},"11":{"start":{"line":18,"column":2},"end":{"line":18,"column":18}},"12":{"start":{"line":22,"column":34},"end":{"line":28,"column":1}},"13":{"start":{"line":23,"column":14},"end":{"line":23,"column":15}},"14":{"start":{"line":24,"column":2},"end":{"line":26,"column":3}},"15":{"start":{"line":25,"column":4},"end":{"line":25,"column":20}},"16":{"start":{"line":27,"column":2},"end":{"line":27,"column":25}}},"fnMap":{"0":{"name":"(anonymous_0)","decl":{"start":{"line":1,"column":19},"end":{"line":1,"column":20}},"loc":{"start":{"line":1,"column":38},"end":{"line":3,"column":1}},"line":1},"1":{"name":"(anonymous_1)","decl":{"start":{"line":5,"column":22},"end":{"line":5,"column":23}},"loc":{"start":{"line":5,"column":35},"end":{"line":11,"column":1}},"line":5},"2":{"name":"(anonymous_2)","decl":{"start":{"line":13,"column":25},"end":{"line":13,"column":26}},"loc":{"start":{"line":13,"column":48},"end":{"line":19,"column":1}},"line":13},"3":{"name":"(anonymous_3)","decl":{"start":{"line":22,"column":34},"end":{"line":22,"column":35}},"loc":{"start":{"line":22,"column":57},"end":{"line":28,"column":1}},"line":22}},"branchMap":{},"s":{"0":6,"1":5,"2":6,"3":10,"4":10,"5":37,"6":10,"7":6,"8":3,"9":3,"10":11,"11":3,"12":6,"13":0,"14":0,"15":0,"16":0},"f":{"0":5,"1":10,"2":3,"3":0},"b":{},"_coverageSchema":"1a1c01bbd47fc00a2c39e90264f33305004495a9","hash":"8baf3897334f1659a853c073946963eb1c02bf9b"}
}
